<?xml version="1.0" encoding="UTF-8"?>
<testng-results ignored="0" total="1" passed="1" failed="0" skipped="0">
  <reporter-output>
  </reporter-output>
  <suite started-at="2020-10-28T20:15:26Z" name="Main Test Suite" finished-at="2020-10-28T20:15:33Z" duration-ms="6965">
    <groups>
    </groups>
    <test started-at="2020-10-28T20:15:26Z" name="Holland America Line Selinium Grid Test" finished-at="2020-10-28T20:15:33Z" duration-ms="6965">
      <class name="com.test.TestB">
        <test-method is-config="true" signature="setUp()[pri:0, instance:com.test.TestB@20d28811]" started-at="2020-10-28T20:15:26Z" name="setUp" finished-at="2020-10-28T20:15:32Z" duration-ms="5554" status="PASS">
          <reporter-output>
          </reporter-output>
        </test-method> <!-- setUp -->
        <test-method signature="testGooglePageTitleInChrome(java.lang.String)[pri:0, instance:com.test.TestB@20d28811]" started-at="2020-10-28T20:15:32Z" name="testGooglePageTitleInChrome" finished-at="2020-10-28T20:15:32Z" duration-ms="808" status="PASS">
          <params>
            <param index="0">
              <value>
                <![CDATA[firefox]]>
              </value>
            </param>
          </params>
          <reporter-output>
          </reporter-output>
        </test-method> <!-- testGooglePageTitleInChrome -->
        <test-method is-config="true" signature="tearDown()[pri:0, instance:com.test.TestB@20d28811]" started-at="2020-10-28T20:15:32Z" name="tearDown" finished-at="2020-10-28T20:15:33Z" duration-ms="595" status="PASS">
          <reporter-output>
          </reporter-output>
        </test-method> <!-- tearDown -->
      </class> <!-- com.test.TestB -->
    </test> <!-- Holland America Line Selinium Grid Test -->
  </suite> <!-- Main Test Suite -->
</testng-results>
