<?xml version="1.0" encoding="UTF-8"?>
<testng-results ignored="0" total="1" passed="1" failed="0" skipped="0">
  <reporter-output>
  </reporter-output>
  <suite started-at="2020-10-28T02:08:39Z" name="Main Test Suite" finished-at="2020-10-28T02:08:46Z" duration-ms="6704">
    <groups>
    </groups>
    <test started-at="2020-10-28T02:08:39Z" name="TestNG Test Group" finished-at="2020-10-28T02:08:46Z" duration-ms="6704">
      <class name="com.test.TestB">
        <test-method is-config="true" signature="setUp()[pri:0, instance:com.test.TestB@59d016c9]" started-at="2020-10-28T02:08:39Z" name="setUp" finished-at="2020-10-28T02:08:45Z" duration-ms="5573" status="PASS">
          <reporter-output>
          </reporter-output>
        </test-method> <!-- setUp -->
        <test-method signature="testGooglePageTitleInChrome()[pri:0, instance:com.test.TestB@59d016c9]" started-at="2020-10-28T02:08:45Z" name="testGooglePageTitleInChrome" finished-at="2020-10-28T02:08:46Z" duration-ms="507" status="PASS">
          <reporter-output>
          </reporter-output>
        </test-method> <!-- testGooglePageTitleInChrome -->
        <test-method is-config="true" signature="tearDown()[pri:0, instance:com.test.TestB@59d016c9]" started-at="2020-10-28T02:08:46Z" name="tearDown" finished-at="2020-10-28T02:08:46Z" duration-ms="618" status="PASS">
          <reporter-output>
          </reporter-output>
        </test-method> <!-- tearDown -->
      </class> <!-- com.test.TestB -->
    </test> <!-- TestNG Test Group -->
  </suite> <!-- Main Test Suite -->
</testng-results>
